1534269678413	geckodriver	INFO	geckodriver 0.21.0
1534269678417	geckodriver	INFO	Listening on 127.0.0.1:56615
1534269679475	mozrunner::runner	INFO	Running command: "/usr/bin/firefox" "-marionette" "-foreground" "-no-remote" "-profile" "/tmp/rust_mozprofile.cBGc6WskTYa5"
1534269679664	addons.xpi	WARN	Can't get modified time of /usr/lib64/firefox/browser/features/aushelper@mozilla.org.xpi
1534269679723	addons.xpi-utils	WARN	addMetadata: Add-on aushelper@mozilla.org is invalid: [Exception... "Component returned failure code: 0x80520006 (NS_ERROR_FILE_TARGET_DOES_NOT_EXIST) [nsIFile.isFile]"  nsresult: "0x80520006 (NS_ERROR_FILE_TARGET_DOES_NOT_EXIST)"  location: "JS frame :: resource://gre/modules/addons/XPIInstall.jsm :: loadManifestFromFile :: line 924"  data: no] Stack trace: loadManifestFromFile()@resource://gre/modules/addons/XPIInstall.jsm:924
syncLoadManifestFromFile()@resource://gre/modules/addons/XPIProvider.jsm:938
addMetadata()@resource://gre/modules/addons/XPIProvider.jsm -> resource://gre/modules/addons/XPIProviderUtils.js:1167
processFileChanges()@resource://gre/modules/addons/XPIProvider.jsm -> resource://gre/modules/addons/XPIProviderUtils.js:1523
checkForChanges()@resource://gre/modules/addons/XPIProvider.jsm:3298
startup()@resource://gre/modules/addons/XPIProvider.jsm:2190
callProvider()@resource://gre/modules/AddonManager.jsm:253
_startProvider()@resource://gre/modules/AddonManager.jsm:728
startup()@resource://gre/modules/AddonManager.jsm:892
startup()@resource://gre/modules/AddonManager.jsm:2976
observe()@jar:file:///usr/lib64/firefox/omni.ja!/components/addonManager.js:63
1534269679723	addons.xpi-utils	WARN	Could not uninstall invalid item from locked install location
1534269680557	addons.xpi	WARN	Can't get modified time of /usr/lib64/firefox/browser/features/aushelper@mozilla.org.xpi
1534269680747	Marionette	INFO	Listening on port 45653
1534269680788	Marionette	WARN	TLS certificate errors will be ignored for this session
JavaScript error: https://start.fedoraproject.org/, line 292: TypeError: $(...).uls is not a function

###!!! [Parent][MessageChannel] Error: (msgtype=0x15007F,name=PBrowser::Msg_Destroy) Closed channel: cannot send/recv

[Parent 14101, Gecko_IOThread] WARNING: pipe error (97): Connection reset by peer: file /builddir/build/BUILD/firefox-60.0.1/ipc/chromium/src/chrome/common/ipc_channel_posix.cc, line 353
*** UTM:SVC TimerManager:registerTimer called after profile-before-change notification. Ignoring timer registration for id: telemetry_modules_ping
1534269699141	geckodriver	INFO	geckodriver 0.21.0
1534269699145	geckodriver	INFO	Listening on 127.0.0.1:56245
1534269700204	mozrunner::runner	INFO	Running command: "/usr/bin/firefox" "-marionette" "-foreground" "-no-remote" "-profile" "/tmp/rust_mozprofile.OQc8sK4xGz5f"
No protocol specified
1534269700340	addons.xpi	WARN	Can't get modified time of /usr/lib64/firefox/browser/features/aushelper@mozilla.org.xpi
1534269700398	addons.xpi-utils	WARN	addMetadata: Add-on aushelper@mozilla.org is invalid: [Exception... "Component returned failure code: 0x80520006 (NS_ERROR_FILE_TARGET_DOES_NOT_EXIST) [nsIFile.isFile]"  nsresult: "0x80520006 (NS_ERROR_FILE_TARGET_DOES_NOT_EXIST)"  location: "JS frame :: resource://gre/modules/addons/XPIInstall.jsm :: loadManifestFromFile :: line 924"  data: no] Stack trace: loadManifestFromFile()@resource://gre/modules/addons/XPIInstall.jsm:924
syncLoadManifestFromFile()@resource://gre/modules/addons/XPIProvider.jsm:938
addMetadata()@resource://gre/modules/addons/XPIProvider.jsm -> resource://gre/modules/addons/XPIProviderUtils.js:1167
processFileChanges()@resource://gre/modules/addons/XPIProvider.jsm -> resource://gre/modules/addons/XPIProviderUtils.js:1523
checkForChanges()@resource://gre/modules/addons/XPIProvider.jsm:3298
startup()@resource://gre/modules/addons/XPIProvider.jsm:2190
callProvider()@resource://gre/modules/AddonManager.jsm:253
_startProvider()@resource://gre/modules/AddonManager.jsm:728
startup()@resource://gre/modules/AddonManager.jsm:892
startup()@resource://gre/modules/AddonManager.jsm:2976
observe()@jar:file:///usr/lib64/firefox/omni.ja!/components/addonManager.js:63
1534269700399	addons.xpi-utils	WARN	Could not uninstall invalid item from locked install location
No protocol specified

(firefox:14398): Gtk-WARNING **: 14:01:40.483: cannot open display: :0
1534269703858	geckodriver	INFO	geckodriver 0.21.0
1534269703861	geckodriver	INFO	Listening on 127.0.0.1:52933
1534269704909	mozrunner::runner	INFO	Running command: "/usr/bin/firefox" "-marionette" "-foreground" "-no-remote" "-profile" "/tmp/rust_mozprofile.6EUlwW4Z0crb"
No protocol specified
1534269705033	addons.xpi	WARN	Can't get modified time of /usr/lib64/firefox/browser/features/aushelper@mozilla.org.xpi
1534269705092	addons.xpi-utils	WARN	addMetadata: Add-on aushelper@mozilla.org is invalid: [Exception... "Component returned failure code: 0x80520006 (NS_ERROR_FILE_TARGET_DOES_NOT_EXIST) [nsIFile.isFile]"  nsresult: "0x80520006 (NS_ERROR_FILE_TARGET_DOES_NOT_EXIST)"  location: "JS frame :: resource://gre/modules/addons/XPIInstall.jsm :: loadManifestFromFile :: line 924"  data: no] Stack trace: loadManifestFromFile()@resource://gre/modules/addons/XPIInstall.jsm:924
syncLoadManifestFromFile()@resource://gre/modules/addons/XPIProvider.jsm:938
addMetadata()@resource://gre/modules/addons/XPIProvider.jsm -> resource://gre/modules/addons/XPIProviderUtils.js:1167
processFileChanges()@resource://gre/modules/addons/XPIProvider.jsm -> resource://gre/modules/addons/XPIProviderUtils.js:1523
checkForChanges()@resource://gre/modules/addons/XPIProvider.jsm:3298
startup()@resource://gre/modules/addons/XPIProvider.jsm:2190
callProvider()@resource://gre/modules/AddonManager.jsm:253
_startProvider()@resource://gre/modules/AddonManager.jsm:728
startup()@resource://gre/modules/AddonManager.jsm:892
startup()@resource://gre/modules/AddonManager.jsm:2976
observe()@jar:file:///usr/lib64/firefox/omni.ja!/components/addonManager.js:63
1534269705093	addons.xpi-utils	WARN	Could not uninstall invalid item from locked install location
No protocol specified

(firefox:14494): Gtk-WARNING **: 14:01:45.177: cannot open display: :0
1534269706530	geckodriver	INFO	geckodriver 0.21.0
1534269706533	geckodriver	INFO	Listening on 127.0.0.1:50723
1534269707590	mozrunner::runner	INFO	Running command: "/usr/bin/firefox" "-marionette" "-foreground" "-no-remote" "-profile" "/tmp/rust_mozprofile.2FzZ6Y3tuE3Z"
1534269707758	addons.xpi	WARN	Can't get modified time of /usr/lib64/firefox/browser/features/aushelper@mozilla.org.xpi
1534269707816	addons.xpi-utils	WARN	addMetadata: Add-on aushelper@mozilla.org is invalid: [Exception... "Component returned failure code: 0x80520006 (NS_ERROR_FILE_TARGET_DOES_NOT_EXIST) [nsIFile.isFile]"  nsresult: "0x80520006 (NS_ERROR_FILE_TARGET_DOES_NOT_EXIST)"  location: "JS frame :: resource://gre/modules/addons/XPIInstall.jsm :: loadManifestFromFile :: line 924"  data: no] Stack trace: loadManifestFromFile()@resource://gre/modules/addons/XPIInstall.jsm:924
syncLoadManifestFromFile()@resource://gre/modules/addons/XPIProvider.jsm:938
addMetadata()@resource://gre/modules/addons/XPIProvider.jsm -> resource://gre/modules/addons/XPIProviderUtils.js:1167
processFileChanges()@resource://gre/modules/addons/XPIProvider.jsm -> resource://gre/modules/addons/XPIProviderUtils.js:1523
checkForChanges()@resource://gre/modules/addons/XPIProvider.jsm:3298
startup()@resource://gre/modules/addons/XPIProvider.jsm:2190
callProvider()@resource://gre/modules/AddonManager.jsm:253
_startProvider()@resource://gre/modules/AddonManager.jsm:728
startup()@resource://gre/modules/AddonManager.jsm:892
startup()@resource://gre/modules/AddonManager.jsm:2976
observe()@jar:file:///usr/lib64/firefox/omni.ja!/components/addonManager.js:63
1534269707816	addons.xpi-utils	WARN	Could not uninstall invalid item from locked install location
1534269708609	addons.xpi	WARN	Can't get modified time of /usr/lib64/firefox/browser/features/aushelper@mozilla.org.xpi
1534269708775	Marionette	INFO	Listening on port 34265
1534269708802	Marionette	WARN	TLS certificate errors will be ignored for this session
JavaScript error: https://start.fedoraproject.org/, line 292: TypeError: $(...).uls is not a function

###!!! [Parent][MessageChannel] Error: (msgtype=0x15007F,name=PBrowser::Msg_Destroy) Closed channel: cannot send/recv

*** UTM:SVC TimerManager:registerTimer called after profile-before-change notification. Ignoring timer registration for id: telemetry_modules_ping
1534269877880	geckodriver	INFO	geckodriver 0.21.0
1534269877883	geckodriver	INFO	Listening on 127.0.0.1:50503
1534269878943	mozrunner::runner	INFO	Running command: "/usr/bin/firefox" "-marionette" "-foreground" "-no-remote" "-profile" "/tmp/rust_mozprofile.K12oOzoJHUcR"
1534269879111	addons.xpi	WARN	Can't get modified time of /usr/lib64/firefox/browser/features/aushelper@mozilla.org.xpi
1534269879169	addons.xpi-utils	WARN	addMetadata: Add-on aushelper@mozilla.org is invalid: [Exception... "Component returned failure code: 0x80520006 (NS_ERROR_FILE_TARGET_DOES_NOT_EXIST) [nsIFile.isFile]"  nsresult: "0x80520006 (NS_ERROR_FILE_TARGET_DOES_NOT_EXIST)"  location: "JS frame :: resource://gre/modules/addons/XPIInstall.jsm :: loadManifestFromFile :: line 924"  data: no] Stack trace: loadManifestFromFile()@resource://gre/modules/addons/XPIInstall.jsm:924
syncLoadManifestFromFile()@resource://gre/modules/addons/XPIProvider.jsm:938
addMetadata()@resource://gre/modules/addons/XPIProvider.jsm -> resource://gre/modules/addons/XPIProviderUtils.js:1167
processFileChanges()@resource://gre/modules/addons/XPIProvider.jsm -> resource://gre/modules/addons/XPIProviderUtils.js:1523
checkForChanges()@resource://gre/modules/addons/XPIProvider.jsm:3298
startup()@resource://gre/modules/addons/XPIProvider.jsm:2190
callProvider()@resource://gre/modules/AddonManager.jsm:253
_startProvider()@resource://gre/modules/AddonManager.jsm:728
startup()@resource://gre/modules/AddonManager.jsm:892
startup()@resource://gre/modules/AddonManager.jsm:2976
observe()@jar:file:///usr/lib64/firefox/omni.ja!/components/addonManager.js:63
1534269879170	addons.xpi-utils	WARN	Could not uninstall invalid item from locked install location
1534269879995	addons.xpi	WARN	Can't get modified time of /usr/lib64/firefox/browser/features/aushelper@mozilla.org.xpi
1534269880181	Marionette	INFO	Listening on port 46025
1534269880279	Marionette	WARN	TLS certificate errors will be ignored for this session
JavaScript error: https://start.fedoraproject.org/, line 292: TypeError: $(...).uls is not a function

###!!! [Parent][MessageChannel] Error: (msgtype=0x15007F,name=PBrowser::Msg_Destroy) Closed channel: cannot send/recv

*** UTM:SVC TimerManager:registerTimer called after profile-before-change notification. Ignoring timer registration for id: telemetry_modules_ping
1534270076003	geckodriver	INFO	geckodriver 0.21.0
1534270076007	geckodriver	INFO	Listening on 127.0.0.1:44519
1534270077059	mozrunner::runner	INFO	Running command: "/usr/bin/firefox" "-marionette" "-foreground" "-no-remote" "-profile" "/tmp/rust_mozprofile.Uad1JqNVZCYh"
1534270077229	addons.xpi	WARN	Can't get modified time of /usr/lib64/firefox/browser/features/aushelper@mozilla.org.xpi
1534270077288	addons.xpi-utils	WARN	addMetadata: Add-on aushelper@mozilla.org is invalid: [Exception... "Component returned failure code: 0x80520006 (NS_ERROR_FILE_TARGET_DOES_NOT_EXIST) [nsIFile.isFile]"  nsresult: "0x80520006 (NS_ERROR_FILE_TARGET_DOES_NOT_EXIST)"  location: "JS frame :: resource://gre/modules/addons/XPIInstall.jsm :: loadManifestFromFile :: line 924"  data: no] Stack trace: loadManifestFromFile()@resource://gre/modules/addons/XPIInstall.jsm:924
syncLoadManifestFromFile()@resource://gre/modules/addons/XPIProvider.jsm:938
addMetadata()@resource://gre/modules/addons/XPIProvider.jsm -> resource://gre/modules/addons/XPIProviderUtils.js:1167
processFileChanges()@resource://gre/modules/addons/XPIProvider.jsm -> resource://gre/modules/addons/XPIProviderUtils.js:1523
checkForChanges()@resource://gre/modules/addons/XPIProvider.jsm:3298
startup()@resource://gre/modules/addons/XPIProvider.jsm:2190
callProvider()@resource://gre/modules/AddonManager.jsm:253
_startProvider()@resource://gre/modules/AddonManager.jsm:728
startup()@resource://gre/modules/AddonManager.jsm:892
startup()@resource://gre/modules/AddonManager.jsm:2976
observe()@jar:file:///usr/lib64/firefox/omni.ja!/components/addonManager.js:63
1534270077289	addons.xpi-utils	WARN	Could not uninstall invalid item from locked install location
1534270078112	addons.xpi	WARN	Can't get modified time of /usr/lib64/firefox/browser/features/aushelper@mozilla.org.xpi
1534270078303	Marionette	INFO	Listening on port 34737
1534270078371	Marionette	WARN	TLS certificate errors will be ignored for this session
JavaScript error: https://start.fedoraproject.org/, line 292: TypeError: $(...).uls is not a function

###!!! [Parent][MessageChannel] Error: (msgtype=0x15007F,name=PBrowser::Msg_Destroy) Closed channel: cannot send/recv

*** UTM:SVC TimerManager:registerTimer called after profile-before-change notification. Ignoring timer registration for id: telemetry_modules_ping
1534271418284	geckodriver	INFO	geckodriver 0.21.0
1534271418288	geckodriver	INFO	Listening on 127.0.0.1:44011
1534271452038	geckodriver	INFO	geckodriver 0.21.0
1534271452042	geckodriver	INFO	Listening on 127.0.0.1:57241
1534271453104	mozrunner::runner	INFO	Running command: "/usr/bin/firefox" "-marionette" "-foreground" "-no-remote" "-profile" "/tmp/rust_mozprofile.ufKxbIRzf6Nh"
1534271453288	addons.xpi	WARN	Can't get modified time of /usr/lib64/firefox/browser/features/aushelper@mozilla.org.xpi
1534271453349	addons.xpi-utils	WARN	addMetadata: Add-on aushelper@mozilla.org is invalid: [Exception... "Component returned failure code: 0x80520006 (NS_ERROR_FILE_TARGET_DOES_NOT_EXIST) [nsIFile.isFile]"  nsresult: "0x80520006 (NS_ERROR_FILE_TARGET_DOES_NOT_EXIST)"  location: "JS frame :: resource://gre/modules/addons/XPIInstall.jsm :: loadManifestFromFile :: line 924"  data: no] Stack trace: loadManifestFromFile()@resource://gre/modules/addons/XPIInstall.jsm:924
syncLoadManifestFromFile()@resource://gre/modules/addons/XPIProvider.jsm:938
addMetadata()@resource://gre/modules/addons/XPIProvider.jsm -> resource://gre/modules/addons/XPIProviderUtils.js:1167
processFileChanges()@resource://gre/modules/addons/XPIProvider.jsm -> resource://gre/modules/addons/XPIProviderUtils.js:1523
checkForChanges()@resource://gre/modules/addons/XPIProvider.jsm:3298
startup()@resource://gre/modules/addons/XPIProvider.jsm:2190
callProvider()@resource://gre/modules/AddonManager.jsm:253
_startProvider()@resource://gre/modules/AddonManager.jsm:728
startup()@resource://gre/modules/AddonManager.jsm:892
startup()@resource://gre/modules/AddonManager.jsm:2976
observe()@jar:file:///usr/lib64/firefox/omni.ja!/components/addonManager.js:63
1534271453350	addons.xpi-utils	WARN	Could not uninstall invalid item from locked install location
1534271454158	addons.xpi	WARN	Can't get modified time of /usr/lib64/firefox/browser/features/aushelper@mozilla.org.xpi
1534271454355	Marionette	INFO	Listening on port 33987
1534271454424	Marionette	WARN	TLS certificate errors will be ignored for this session
JavaScript error: https://start.fedoraproject.org/, line 292: TypeError: $(...).uls is not a function

###!!! [Parent][MessageChannel] Error: (msgtype=0x15007F,name=PBrowser::Msg_Destroy) Closed channel: cannot send/recv

[Parent 16154, Gecko_IOThread] WARNING: pipe error (102): Connection reset by peer: file /builddir/build/BUILD/firefox-60.0.1/ipc/chromium/src/chrome/common/ipc_channel_posix.cc, line 353
*** UTM:SVC TimerManager:registerTimer called after profile-before-change notification. Ignoring timer registration for id: telemetry_modules_ping
1534271636695	geckodriver	INFO	geckodriver 0.21.0
1534271636699	geckodriver	INFO	Listening on 127.0.0.1:55213
1534271637749	mozrunner::runner	INFO	Running command: "/usr/bin/firefox" "-marionette" "-foreground" "-no-remote" "-profile" "/tmp/rust_mozprofile.dfWmfKygLPxD"
1534271637917	addons.xpi	WARN	Can't get modified time of /usr/lib64/firefox/browser/features/aushelper@mozilla.org.xpi
1534271637975	addons.xpi-utils	WARN	addMetadata: Add-on aushelper@mozilla.org is invalid: [Exception... "Component returned failure code: 0x80520006 (NS_ERROR_FILE_TARGET_DOES_NOT_EXIST) [nsIFile.isFile]"  nsresult: "0x80520006 (NS_ERROR_FILE_TARGET_DOES_NOT_EXIST)"  location: "JS frame :: resource://gre/modules/addons/XPIInstall.jsm :: loadManifestFromFile :: line 924"  data: no] Stack trace: loadManifestFromFile()@resource://gre/modules/addons/XPIInstall.jsm:924
syncLoadManifestFromFile()@resource://gre/modules/addons/XPIProvider.jsm:938
addMetadata()@resource://gre/modules/addons/XPIProvider.jsm -> resource://gre/modules/addons/XPIProviderUtils.js:1167
processFileChanges()@resource://gre/modules/addons/XPIProvider.jsm -> resource://gre/modules/addons/XPIProviderUtils.js:1523
checkForChanges()@resource://gre/modules/addons/XPIProvider.jsm:3298
startup()@resource://gre/modules/addons/XPIProvider.jsm:2190
callProvider()@resource://gre/modules/AddonManager.jsm:253
_startProvider()@resource://gre/modules/AddonManager.jsm:728
startup()@resource://gre/modules/AddonManager.jsm:892
startup()@resource://gre/modules/AddonManager.jsm:2976
observe()@jar:file:///usr/lib64/firefox/omni.ja!/components/addonManager.js:63
1534271637976	addons.xpi-utils	WARN	Could not uninstall invalid item from locked install location
1534271638760	addons.xpi	WARN	Can't get modified time of /usr/lib64/firefox/browser/features/aushelper@mozilla.org.xpi
1534271638960	Marionette	INFO	Listening on port 34783
1534271639056	Marionette	WARN	TLS certificate errors will be ignored for this session
JavaScript error: http://t.dtscout.com/i/?l=http%3A%2F%2Fwww.seleniumframework.com%2F&j=, line 40: TypeError: document.body is null
JavaScript error: https://start.fedoraproject.org/, line 292: TypeError: $(...).uls is not a function

###!!! [Parent][MessageChannel] Error: (msgtype=0x15007F,name=PBrowser::Msg_Destroy) Closed channel: cannot send/recv

*** UTM:SVC TimerManager:registerTimer called after profile-before-change notification. Ignoring timer registration for id: telemetry_modules_ping
1534271664447	geckodriver	INFO	geckodriver 0.21.0
1534271664451	geckodriver	INFO	Listening on 127.0.0.1:56947
1534271665515	mozrunner::runner	INFO	Running command: "/usr/bin/firefox" "-marionette" "-foreground" "-no-remote" "-profile" "/tmp/rust_mozprofile.g8Ifrc5ElNBq"
1534271665683	addons.xpi	WARN	Can't get modified time of /usr/lib64/firefox/browser/features/aushelper@mozilla.org.xpi
1534271665740	addons.xpi-utils	WARN	addMetadata: Add-on aushelper@mozilla.org is invalid: [Exception... "Component returned failure code: 0x80520006 (NS_ERROR_FILE_TARGET_DOES_NOT_EXIST) [nsIFile.isFile]"  nsresult: "0x80520006 (NS_ERROR_FILE_TARGET_DOES_NOT_EXIST)"  location: "JS frame :: resource://gre/modules/addons/XPIInstall.jsm :: loadManifestFromFile :: line 924"  data: no] Stack trace: loadManifestFromFile()@resource://gre/modules/addons/XPIInstall.jsm:924
syncLoadManifestFromFile()@resource://gre/modules/addons/XPIProvider.jsm:938
addMetadata()@resource://gre/modules/addons/XPIProvider.jsm -> resource://gre/modules/addons/XPIProviderUtils.js:1167
processFileChanges()@resource://gre/modules/addons/XPIProvider.jsm -> resource://gre/modules/addons/XPIProviderUtils.js:1523
checkForChanges()@resource://gre/modules/addons/XPIProvider.jsm:3298
startup()@resource://gre/modules/addons/XPIProvider.jsm:2190
callProvider()@resource://gre/modules/AddonManager.jsm:253
_startProvider()@resource://gre/modules/AddonManager.jsm:728
startup()@resource://gre/modules/AddonManager.jsm:892
startup()@resource://gre/modules/AddonManager.jsm:2976
observe()@jar:file:///usr/lib64/firefox/omni.ja!/components/addonManager.js:63
1534271665741	addons.xpi-utils	WARN	Could not uninstall invalid item from locked install location
1534271666522	addons.xpi	WARN	Can't get modified time of /usr/lib64/firefox/browser/features/aushelper@mozilla.org.xpi
1534271666698	Marionette	INFO	Listening on port 44095
1534271666724	Marionette	WARN	TLS certificate errors will be ignored for this session
JavaScript error: http://t.dtscout.com/i/?l=http%3A%2F%2Fwww.seleniumframework.com%2F&j=, line 40: TypeError: document.body is null
JavaScript error: https://start.fedoraproject.org/, line 292: TypeError: $(...).uls is not a function

###!!! [Parent][MessageChannel] Error: (msgtype=0x15007F,name=PBrowser::Msg_Destroy) Closed channel: cannot send/recv

*** UTM:SVC TimerManager:registerTimer called after profile-before-change notification. Ignoring timer registration for id: telemetry_modules_ping
1534271999747	geckodriver	INFO	geckodriver 0.21.0
1534271999751	geckodriver	INFO	Listening on 127.0.0.1:55841
1534272000810	mozrunner::runner	INFO	Running command: "/usr/bin/firefox" "-marionette" "-foreground" "-no-remote" "-profile" "/tmp/rust_mozprofile.fApblFrnP9um"
1534272000980	addons.xpi	WARN	Can't get modified time of /usr/lib64/firefox/browser/features/aushelper@mozilla.org.xpi
1534272001041	addons.xpi-utils	WARN	addMetadata: Add-on aushelper@mozilla.org is invalid: [Exception... "Component returned failure code: 0x80520006 (NS_ERROR_FILE_TARGET_DOES_NOT_EXIST) [nsIFile.isFile]"  nsresult: "0x80520006 (NS_ERROR_FILE_TARGET_DOES_NOT_EXIST)"  location: "JS frame :: resource://gre/modules/addons/XPIInstall.jsm :: loadManifestFromFile :: line 924"  data: no] Stack trace: loadManifestFromFile()@resource://gre/modules/addons/XPIInstall.jsm:924
syncLoadManifestFromFile()@resource://gre/modules/addons/XPIProvider.jsm:938
addMetadata()@resource://gre/modules/addons/XPIProvider.jsm -> resource://gre/modules/addons/XPIProviderUtils.js:1167
processFileChanges()@resource://gre/modules/addons/XPIProvider.jsm -> resource://gre/modules/addons/XPIProviderUtils.js:1523
checkForChanges()@resource://gre/modules/addons/XPIProvider.jsm:3298
startup()@resource://gre/modules/addons/XPIProvider.jsm:2190
callProvider()@resource://gre/modules/AddonManager.jsm:253
_startProvider()@resource://gre/modules/AddonManager.jsm:728
startup()@resource://gre/modules/AddonManager.jsm:892
startup()@resource://gre/modules/AddonManager.jsm:2976
observe()@jar:file:///usr/lib64/firefox/omni.ja!/components/addonManager.js:63
1534272001042	addons.xpi-utils	WARN	Could not uninstall invalid item from locked install location
1534272001830	addons.xpi	WARN	Can't get modified time of /usr/lib64/firefox/browser/features/aushelper@mozilla.org.xpi
1534272002014	Marionette	INFO	Listening on port 38255
1534272002127	Marionette	WARN	TLS certificate errors will be ignored for this session
JavaScript error: http://t.dtscout.com/i/?l=http%3A%2F%2Fwww.seleniumframework.com%2F&j=, line 40: TypeError: document.body is null
JavaScript error: https://start.fedoraproject.org/, line 292: TypeError: $(...).uls is not a function

###!!! [Child][RunMessage] Error: Channel closing: too late to send/recv, messages will be lost


###!!! [Parent][MessageChannel] Error: (msgtype=0x15007F,name=PBrowser::Msg_Destroy) Closed channel: cannot send/recv

*** UTM:SVC TimerManager:registerTimer called after profile-before-change notification. Ignoring timer registration for id: telemetry_modules_ping
